[2024-08-11 07:33:44] local.ERROR: Please provide a valid cache path. {"exception":"[object] (InvalidArgumentException(code: 0): Please provide a valid cache path. at /Users/touzani/Desktop/ecopy/vendor/laravel/framework/src/Illuminate/View/Compilers/Compiler.php:66)
[stacktrace]
#0 /Users/touzani/Desktop/ecopy/vendor/laravel/framework/src/Illuminate/View/ViewServiceProvider.php(96): Illuminate\\View\\Compilers\\Compiler->__construct(Object(Illuminate\\Filesystem\\Filesystem), false, '', true, 'php')
#1 /Users/touzani/Desktop/ecopy/vendor/laravel/framework/src/Illuminate/Container/Container.php(885): Illuminate\\View\\ViewServiceProvider->Illuminate\\View\\{closure}(Object(Illuminate\\Foundation\\Application), Array)
#2 /Users/touzani/Desktop/ecopy/vendor/laravel/framework/src/Illuminate/Container/Container.php(770): Illuminate\\Container\\Container->build(Object(Closure))
#3 /Users/touzani/Desktop/ecopy/vendor/laravel/framework/src/Illuminate/Foundation/Application.php(856): Illuminate\\Container\\Container->resolve('blade.compiler', Array, true)
#4 /Users/touzani/Desktop/ecopy/vendor/laravel/framework/src/Illuminate/Container/Container.php(706): Illuminate\\Foundation\\Application->resolve('blade.compiler', Array)
#5 /Users/touzani/Desktop/ecopy/vendor/laravel/framework/src/Illuminate/Foundation/Application.php(841): Illuminate\\Container\\Container->make('blade.compiler', Array)
#6 /Users/touzani/Desktop/ecopy/vendor/laravel/framework/src/Illuminate/Container/Container.php(1431): Illuminate\\Foundation\\Application->make('blade.compiler')
#7 /Users/touzani/Desktop/ecopy/vendor/laravel/framework/src/Illuminate/Support/Facades/Facade.php(222): Illuminate\\Container\\Container->offsetGet('blade.compiler')
#8 /Users/touzani/Desktop/ecopy/vendor/laravel/framework/src/Illuminate/Support/Facades/Facade.php(193): Illuminate\\Support\\Facades\\Facade::resolveFacadeInstance('blade.compiler')
#9 /Users/touzani/Desktop/ecopy/vendor/laravel/framework/src/Illuminate/Support/Facades/Facade.php(332): Illuminate\\Support\\Facades\\Facade::getFacadeRoot()
#10 /Users/touzani/Desktop/ecopy/vendor/hisorange/browser-detect/src/ServiceProvider.php(43): Illuminate\\Support\\Facades\\Facade::__callStatic('if', Array)
#11 /Users/touzani/Desktop/ecopy/vendor/hisorange/browser-detect/src/ServiceProvider.php(25): hisorange\\BrowserDetect\\ServiceProvider->registerDirectives()
#12 /Users/touzani/Desktop/ecopy/vendor/laravel/framework/src/Illuminate/Container/BoundMethod.php(36): hisorange\\BrowserDetect\\ServiceProvider->boot()
#13 /Users/touzani/Desktop/ecopy/vendor/laravel/framework/src/Illuminate/Container/Util.php(41): Illuminate\\Container\\BoundMethod::Illuminate\\Container\\{closure}()
#14 /Users/touzani/Desktop/ecopy/vendor/laravel/framework/src/Illuminate/Container/BoundMethod.php(93): Illuminate\\Container\\Util::unwrapIfClosure(Object(Closure))
#15 /Users/touzani/Desktop/ecopy/vendor/laravel/framework/src/Illuminate/Container/BoundMethod.php(35): Illuminate\\Container\\BoundMethod::callBoundMethod(Object(Illuminate\\Foundation\\Application), Array, Object(Closure))
#16 /Users/touzani/Desktop/ecopy/vendor/laravel/framework/src/Illuminate/Container/Container.php(661): Illuminate\\Container\\BoundMethod::call(Object(Illuminate\\Foundation\\Application), Array, Array, NULL)
#17 /Users/touzani/Desktop/ecopy/vendor/laravel/framework/src/Illuminate/Foundation/Application.php(929): Illuminate\\Container\\Container->call(Array)
#18 /Users/touzani/Desktop/ecopy/vendor/laravel/framework/src/Illuminate/Foundation/Application.php(910): Illuminate\\Foundation\\Application->bootProvider(Object(hisorange\\BrowserDetect\\ServiceProvider))
#19 [internal function]: Illuminate\\Foundation\\Application->Illuminate\\Foundation\\{closure}(Object(hisorange\\BrowserDetect\\ServiceProvider), 19)
#20 /Users/touzani/Desktop/ecopy/vendor/laravel/framework/src/Illuminate/Foundation/Application.php(909): array_walk(Array, Object(Closure))
#21 /Users/touzani/Desktop/ecopy/vendor/laravel/framework/src/Illuminate/Foundation/Bootstrap/BootProviders.php(17): Illuminate\\Foundation\\Application->boot()
#22 /Users/touzani/Desktop/ecopy/vendor/laravel/framework/src/Illuminate/Foundation/Application.php(242): Illuminate\\Foundation\\Bootstrap\\BootProviders->bootstrap(Object(Illuminate\\Foundation\\Application))
#23 /Users/touzani/Desktop/ecopy/vendor/laravel/framework/src/Illuminate/Foundation/Console/Kernel.php(383): Illuminate\\Foundation\\Application->bootstrapWith(Array)
#24 /Users/touzani/Desktop/ecopy/vendor/laravel/framework/src/Illuminate/Foundation/Console/Kernel.php(153): Illuminate\\Foundation\\Console\\Kernel->bootstrap()
#25 /Users/touzani/Desktop/ecopy/artisan(35): Illuminate\\Foundation\\Console\\Kernel->handle(Object(Symfony\\Component\\Console\\Input\\ArgvInput), Object(Symfony\\Component\\Console\\Output\\ConsoleOutput))
#26 {main}
"} 
[2024-08-11 07:34:21] local.ERROR: Please provide a valid cache path. {"exception":"[object] (InvalidArgumentException(code: 0): Please provide a valid cache path. at /Users/touzani/Desktop/ecopy/vendor/laravel/framework/src/Illuminate/View/Compilers/Compiler.php:66)
[stacktrace]
#0 /Users/touzani/Desktop/ecopy/vendor/laravel/framework/src/Illuminate/View/ViewServiceProvider.php(96): Illuminate\\View\\Compilers\\Compiler->__construct(Object(Illuminate\\Filesystem\\Filesystem), false, '', true, 'php')
#1 /Users/touzani/Desktop/ecopy/vendor/laravel/framework/src/Illuminate/Container/Container.php(885): Illuminate\\View\\ViewServiceProvider->Illuminate\\View\\{closure}(Object(Illuminate\\Foundation\\Application), Array)
#2 /Users/touzani/Desktop/ecopy/vendor/laravel/framework/src/Illuminate/Container/Container.php(770): Illuminate\\Container\\Container->build(Object(Closure))
#3 /Users/touzani/Desktop/ecopy/vendor/laravel/framework/src/Illuminate/Foundation/Application.php(856): Illuminate\\Container\\Container->resolve('blade.compiler', Array, true)
#4 /Users/touzani/Desktop/ecopy/vendor/laravel/framework/src/Illuminate/Container/Container.php(706): Illuminate\\Foundation\\Application->resolve('blade.compiler', Array)
#5 /Users/touzani/Desktop/ecopy/vendor/laravel/framework/src/Illuminate/Foundation/Application.php(841): Illuminate\\Container\\Container->make('blade.compiler', Array)
#6 /Users/touzani/Desktop/ecopy/vendor/laravel/framework/src/Illuminate/Container/Container.php(1431): Illuminate\\Foundation\\Application->make('blade.compiler')
#7 /Users/touzani/Desktop/ecopy/vendor/laravel/framework/src/Illuminate/Support/Facades/Facade.php(222): Illuminate\\Container\\Container->offsetGet('blade.compiler')
#8 /Users/touzani/Desktop/ecopy/vendor/laravel/framework/src/Illuminate/Support/Facades/Facade.php(193): Illuminate\\Support\\Facades\\Facade::resolveFacadeInstance('blade.compiler')
#9 /Users/touzani/Desktop/ecopy/vendor/laravel/framework/src/Illuminate/Support/Facades/Facade.php(332): Illuminate\\Support\\Facades\\Facade::getFacadeRoot()
#10 /Users/touzani/Desktop/ecopy/vendor/hisorange/browser-detect/src/ServiceProvider.php(43): Illuminate\\Support\\Facades\\Facade::__callStatic('if', Array)
#11 /Users/touzani/Desktop/ecopy/vendor/hisorange/browser-detect/src/ServiceProvider.php(25): hisorange\\BrowserDetect\\ServiceProvider->registerDirectives()
#12 /Users/touzani/Desktop/ecopy/vendor/laravel/framework/src/Illuminate/Container/BoundMethod.php(36): hisorange\\BrowserDetect\\ServiceProvider->boot()
#13 /Users/touzani/Desktop/ecopy/vendor/laravel/framework/src/Illuminate/Container/Util.php(41): Illuminate\\Container\\BoundMethod::Illuminate\\Container\\{closure}()
#14 /Users/touzani/Desktop/ecopy/vendor/laravel/framework/src/Illuminate/Container/BoundMethod.php(93): Illuminate\\Container\\Util::unwrapIfClosure(Object(Closure))
#15 /Users/touzani/Desktop/ecopy/vendor/laravel/framework/src/Illuminate/Container/BoundMethod.php(35): Illuminate\\Container\\BoundMethod::callBoundMethod(Object(Illuminate\\Foundation\\Application), Array, Object(Closure))
#16 /Users/touzani/Desktop/ecopy/vendor/laravel/framework/src/Illuminate/Container/Container.php(661): Illuminate\\Container\\BoundMethod::call(Object(Illuminate\\Foundation\\Application), Array, Array, NULL)
#17 /Users/touzani/Desktop/ecopy/vendor/laravel/framework/src/Illuminate/Foundation/Application.php(929): Illuminate\\Container\\Container->call(Array)
#18 /Users/touzani/Desktop/ecopy/vendor/laravel/framework/src/Illuminate/Foundation/Application.php(910): Illuminate\\Foundation\\Application->bootProvider(Object(hisorange\\BrowserDetect\\ServiceProvider))
#19 [internal function]: Illuminate\\Foundation\\Application->Illuminate\\Foundation\\{closure}(Object(hisorange\\BrowserDetect\\ServiceProvider), 19)
#20 /Users/touzani/Desktop/ecopy/vendor/laravel/framework/src/Illuminate/Foundation/Application.php(909): array_walk(Array, Object(Closure))
#21 /Users/touzani/Desktop/ecopy/vendor/laravel/framework/src/Illuminate/Foundation/Bootstrap/BootProviders.php(17): Illuminate\\Foundation\\Application->boot()
#22 /Users/touzani/Desktop/ecopy/vendor/laravel/framework/src/Illuminate/Foundation/Application.php(242): Illuminate\\Foundation\\Bootstrap\\BootProviders->bootstrap(Object(Illuminate\\Foundation\\Application))
#23 /Users/touzani/Desktop/ecopy/vendor/laravel/framework/src/Illuminate/Foundation/Console/Kernel.php(383): Illuminate\\Foundation\\Application->bootstrapWith(Array)
#24 /Users/touzani/Desktop/ecopy/vendor/laravel/framework/src/Illuminate/Foundation/Console/Kernel.php(153): Illuminate\\Foundation\\Console\\Kernel->bootstrap()
#25 /Users/touzani/Desktop/ecopy/artisan(35): Illuminate\\Foundation\\Console\\Kernel->handle(Object(Symfony\\Component\\Console\\Input\\ArgvInput), Object(Symfony\\Component\\Console\\Output\\ConsoleOutput))
#26 {main}
"} 
[2024-08-11 07:35:50] local.ERROR: Please provide a valid cache path. {"exception":"[object] (InvalidArgumentException(code: 0): Please provide a valid cache path. at /Users/touzani/Desktop/ecopy/vendor/laravel/framework/src/Illuminate/View/Compilers/Compiler.php:66)
[stacktrace]
#0 /Users/touzani/Desktop/ecopy/vendor/laravel/framework/src/Illuminate/View/ViewServiceProvider.php(96): Illuminate\\View\\Compilers\\Compiler->__construct(Object(Illuminate\\Filesystem\\Filesystem), false, '', true, 'php')
#1 /Users/touzani/Desktop/ecopy/vendor/laravel/framework/src/Illuminate/Container/Container.php(885): Illuminate\\View\\ViewServiceProvider->Illuminate\\View\\{closure}(Object(Illuminate\\Foundation\\Application), Array)
#2 /Users/touzani/Desktop/ecopy/vendor/laravel/framework/src/Illuminate/Container/Container.php(770): Illuminate\\Container\\Container->build(Object(Closure))
#3 /Users/touzani/Desktop/ecopy/vendor/laravel/framework/src/Illuminate/Foundation/Application.php(856): Illuminate\\Container\\Container->resolve('blade.compiler', Array, true)
#4 /Users/touzani/Desktop/ecopy/vendor/laravel/framework/src/Illuminate/Container/Container.php(706): Illuminate\\Foundation\\Application->resolve('blade.compiler', Array)
#5 /Users/touzani/Desktop/ecopy/vendor/laravel/framework/src/Illuminate/Foundation/Application.php(841): Illuminate\\Container\\Container->make('blade.compiler', Array)
#6 /Users/touzani/Desktop/ecopy/vendor/laravel/framework/src/Illuminate/Container/Container.php(1431): Illuminate\\Foundation\\Application->make('blade.compiler')
#7 /Users/touzani/Desktop/ecopy/vendor/laravel/framework/src/Illuminate/Support/Facades/Facade.php(222): Illuminate\\Container\\Container->offsetGet('blade.compiler')
#8 /Users/touzani/Desktop/ecopy/vendor/laravel/framework/src/Illuminate/Support/Facades/Facade.php(193): Illuminate\\Support\\Facades\\Facade::resolveFacadeInstance('blade.compiler')
#9 /Users/touzani/Desktop/ecopy/vendor/laravel/framework/src/Illuminate/Support/Facades/Facade.php(332): Illuminate\\Support\\Facades\\Facade::getFacadeRoot()
#10 /Users/touzani/Desktop/ecopy/vendor/hisorange/browser-detect/src/ServiceProvider.php(43): Illuminate\\Support\\Facades\\Facade::__callStatic('if', Array)
#11 /Users/touzani/Desktop/ecopy/vendor/hisorange/browser-detect/src/ServiceProvider.php(25): hisorange\\BrowserDetect\\ServiceProvider->registerDirectives()
#12 /Users/touzani/Desktop/ecopy/vendor/laravel/framework/src/Illuminate/Container/BoundMethod.php(36): hisorange\\BrowserDetect\\ServiceProvider->boot()
#13 /Users/touzani/Desktop/ecopy/vendor/laravel/framework/src/Illuminate/Container/Util.php(41): Illuminate\\Container\\BoundMethod::Illuminate\\Container\\{closure}()
#14 /Users/touzani/Desktop/ecopy/vendor/laravel/framework/src/Illuminate/Container/BoundMethod.php(93): Illuminate\\Container\\Util::unwrapIfClosure(Object(Closure))
#15 /Users/touzani/Desktop/ecopy/vendor/laravel/framework/src/Illuminate/Container/BoundMethod.php(35): Illuminate\\Container\\BoundMethod::callBoundMethod(Object(Illuminate\\Foundation\\Application), Array, Object(Closure))
#16 /Users/touzani/Desktop/ecopy/vendor/laravel/framework/src/Illuminate/Container/Container.php(661): Illuminate\\Container\\BoundMethod::call(Object(Illuminate\\Foundation\\Application), Array, Array, NULL)
#17 /Users/touzani/Desktop/ecopy/vendor/laravel/framework/src/Illuminate/Foundation/Application.php(929): Illuminate\\Container\\Container->call(Array)
#18 /Users/touzani/Desktop/ecopy/vendor/laravel/framework/src/Illuminate/Foundation/Application.php(910): Illuminate\\Foundation\\Application->bootProvider(Object(hisorange\\BrowserDetect\\ServiceProvider))
#19 [internal function]: Illuminate\\Foundation\\Application->Illuminate\\Foundation\\{closure}(Object(hisorange\\BrowserDetect\\ServiceProvider), 19)
#20 /Users/touzani/Desktop/ecopy/vendor/laravel/framework/src/Illuminate/Foundation/Application.php(909): array_walk(Array, Object(Closure))
#21 /Users/touzani/Desktop/ecopy/vendor/laravel/framework/src/Illuminate/Foundation/Bootstrap/BootProviders.php(17): Illuminate\\Foundation\\Application->boot()
#22 /Users/touzani/Desktop/ecopy/vendor/laravel/framework/src/Illuminate/Foundation/Application.php(242): Illuminate\\Foundation\\Bootstrap\\BootProviders->bootstrap(Object(Illuminate\\Foundation\\Application))
#23 /Users/touzani/Desktop/ecopy/vendor/laravel/framework/src/Illuminate/Foundation/Console/Kernel.php(383): Illuminate\\Foundation\\Application->bootstrapWith(Array)
#24 /Users/touzani/Desktop/ecopy/vendor/laravel/framework/src/Illuminate/Foundation/Console/Kernel.php(153): Illuminate\\Foundation\\Console\\Kernel->bootstrap()
#25 /Users/touzani/Desktop/ecopy/artisan(35): Illuminate\\Foundation\\Console\\Kernel->handle(Object(Symfony\\Component\\Console\\Input\\ArgvInput), Object(Symfony\\Component\\Console\\Output\\ConsoleOutput))
#26 {main}
"} 
[2024-08-11 07:58:36] local.DEBUG: Skipped registering SwiftMailer plugin: CssInlinerPlugin.  
[2024-08-11 07:58:40] local.DEBUG: Skipped registering SwiftMailer plugin: CssInlinerPlugin.  
[2024-08-11 07:58:43] local.DEBUG: Skipped registering SwiftMailer plugin: CssInlinerPlugin.  
[2024-08-11 07:58:43] local.DEBUG: Skipped registering SwiftMailer plugin: CssInlinerPlugin.  
[2024-08-11 07:58:46] local.DEBUG: Skipped registering SwiftMailer plugin: CssInlinerPlugin.  
[2024-08-11 07:58:50] local.DEBUG: Skipped registering SwiftMailer plugin: CssInlinerPlugin.  
[2024-08-11 07:59:12] local.DEBUG: Skipped registering SwiftMailer plugin: CssInlinerPlugin.  
[2024-08-11 07:59:25] local.DEBUG: Skipped registering SwiftMailer plugin: CssInlinerPlugin.  
